#
# There is insufficient memory for the Java Runtime Environment to continue.
# Native memory allocation (malloc) failed to allocate 262160 bytes for Chunk::new
# Possible reasons:
#   The system is out of physical RAM or swap space
#   In 32 bit mode, the process size limit was hit
# Possible solutions:
#   Reduce memory load on the system
#   Increase physical memory or swap space
#   Check if swap backing store is full
#   Use 64 bit Java on a 64 bit OS
#   Decrease Java heap size (-Xmx/-Xms)
#   Decrease number of Java threads
#   Decrease Java thread stack sizes (-Xss)
#   Set larger code cache with -XX:ReservedCodeCacheSize=
# This output file may be truncated or incomplete.
#
#  Out of Memory Error (allocation.cpp:390), pid=5716, tid=0x00000000000022b4
#
# JRE version: OpenJDK Runtime Environment (8.0_76-b03) (build 1.8.0_76-release-b03)
# Java VM: OpenJDK 64-Bit Server VM (25.76-b03 mixed mode windows-amd64 compressed oops)
# Failed to write core dump. Minidumps are not enabled by default on client versions of Windows
#

---------------  T H R E A D  ---------------

Current thread (0x000000001641d800):  JavaThread "C2 CompilerThread1" daemon [_thread_in_native, id=8884, stack(0x0000000017b70000,0x0000000017c70000)]

Stack: [0x0000000017b70000,0x0000000017c70000]
[error occurred during error reporting (printing stack bounds), id 0xc0000005]

Native frames: (J=compiled Java code, j=interpreted, Vv=VM code, C=native code)


Current CompileTask:
C2:  10392 1509       4       java.net.URLClassLoader$1::run (5 bytes)


---------------  P R O C E S S  ---------------

Java Threads: ( => current thread )
  0x00000000191a5800 JavaThread "Stdin handler" [_thread_blocked, id=6740, stack(0x000000001ac50000,0x000000001ad50000)]
  0x00000000191a4800 JavaThread "Asynchronous log dispatcher for org.gradle.launcher.daemon.server.DefaultDaemonConnection@1c0131a0" [_thread_blocked, id=2196, stack(0x000000001ab50000,0x000000001ac50000)]
  0x00000000191a1000 JavaThread "Daemon worker" [_thread_blocked, id=5168, stack(0x000000001aa50000,0x000000001ab50000)]
  0x00000000191c1000 JavaThread "Cancel handler" [_thread_blocked, id=8172, stack(0x000000001a950000,0x000000001aa50000)]
  0x000000001918e000 JavaThread "Handler for socket connection from /127.0.0.1:49857 to /127.0.0.1:49858" [_thread_in_native, id=9560, stack(0x000000001a850000,0x000000001a950000)]
  0x0000000019171000 JavaThread "Daemon" [_thread_blocked, id=9732, stack(0x000000001a750000,0x000000001a850000)]
  0x000000001919c000 JavaThread "pool-1-thread-1" [_thread_blocked, id=2884, stack(0x000000001a650000,0x000000001a750000)]
  0x0000000019156800 JavaThread "Incoming local TCP Connector on port 49857" [_thread_in_native, id=5332, stack(0x0000000018b70000,0x0000000018c70000)]
  0x0000000017d8b000 JavaThread "Service Thread" daemon [_thread_blocked, id=1620, stack(0x0000000018170000,0x0000000018270000)]
  0x0000000016421000 JavaThread "C1 CompilerThread2" daemon [_thread_blocked, id=8036, stack(0x0000000017c70000,0x0000000017d70000)]
=>0x000000001641d800 JavaThread "C2 CompilerThread1" daemon [_thread_in_native, id=8884, stack(0x0000000017b70000,0x0000000017c70000)]
  0x000000001641b000 JavaThread "C2 CompilerThread0" daemon [_thread_in_native, id=1256, stack(0x0000000017a70000,0x0000000017b70000)]
  0x0000000016419800 JavaThread "Attach Listener" daemon [_thread_blocked, id=7632, stack(0x0000000017970000,0x0000000017a70000)]
  0x0000000016418800 JavaThread "Signal Dispatcher" daemon [_thread_blocked, id=8360, stack(0x0000000017870000,0x0000000017970000)]
  0x0000000002aab000 JavaThread "Finalizer" daemon [_thread_blocked, id=4616, stack(0x0000000017670000,0x0000000017770000)]
  0x0000000002a9f800 JavaThread "Reference Handler" daemon [_thread_blocked, id=5832, stack(0x0000000017570000,0x0000000017670000)]
  0x00000000029b0800 JavaThread "main" [_thread_blocked, id=5948, stack(0x00000000027e0000,0x00000000028e0000)]

Other Threads:
  0x00000000163e5000 VMThread [stack: 0x0000000017470000,0x0000000017570000] [id=4188]
  0x000000001647e800 WatcherThread [stack: 0x0000000018270000,0x0000000018370000] [id=9156]

VM state:at safepoint (normal execution)

VM Mutex/Monitor currently owned by a thread:  ([mutex/lock_event])
[0x00000000029ab720] Threads_lock - owner thread: 0x00000000163e5000
[0x00000000029ac620] Heap_lock - owner thread: 0x00000000191a1000

Heap:
 PSYoungGen      total 38400K, used 5120K [0x00000000e0000000, 0x00000000e2a80000, 0x0000000100000000)
  eden space 33280K, 0% used [0x00000000e0000000,0x00000000e0000000,0x00000000e2080000)
  from space 5120K, 100% used [0x00000000e2080000,0x00000000e2580000,0x00000000e2580000)
  to   space 5120K, 0% used [0x00000000e2580000,0x00000000e2580000,0x00000000e2a80000)
 ParOldGen       total 87552K, used 4547K [0x00000000a0000000, 0x00000000a5580000, 0x00000000e0000000)
  object space 87552K, 5% used [0x00000000a0000000,0x00000000a0470e18,0x00000000a5580000)
 Metaspace       used 17974K, capacity 18310K, committed 18432K, reserved 1069056K
  class space    used 2393K, capacity 2522K, committed 2560K, reserved 1048576K

Card table byte_map: [0x0000000011e70000,0x0000000012180000] byte_map_base: 0x0000000011970000

Marking Bits: (ParMarkBitMap*) 0x000000006e189d00
 Begin Bits: [0x0000000012780000, 0x0000000013f80000)
 End Bits:   [0x0000000013f80000, 0x0000000015780000)

Polling page: 0x00000000007f0000

CodeCache: size=245760Kb used=4752Kb max_used=4851Kb free=241007Kb
 bounds [0x0000000002ab0000, 0x0000000002f80000, 0x0000000011ab0000]
 total_blobs=1819 nmethods=1442 adapters=290
 compilation: enabled

Compilation events (10 events):
Event: 10.284 Thread 0x0000000016421000 1513       3       sun.reflect.ReflectionFactory::checkInitted (19 bytes)
Event: 10.284 Thread 0x0000000016421000 nmethod 1513 0x0000000002f63750 code [0x0000000002f638c0, 0x0000000002f63b88]
Event: 10.286 Thread 0x0000000016421000 1514       3       org.gradle.internal.service.DefaultServiceRegistry$OwnServices::getService (274 bytes)
Event: 10.287 Thread 0x0000000016421000 nmethod 1514 0x0000000002f68890 code [0x0000000002f68ce0, 0x0000000002f6b4f8]
Event: 10.290 Thread 0x0000000016421000 1515       3       java.util.HashSet::<init> (16 bytes)
Event: 10.290 Thread 0x000000001641b000 1516       4       java.util.HashMap::hash (20 bytes)
Event: 10.290 Thread 0x0000000016421000 nmethod 1515 0x0000000002f6c990 code [0x0000000002f6cb20, 0x0000000002f6cf30]
Event: 10.290 Thread 0x0000000016421000 1517       3       org.gradle.internal.service.DefaultServiceRegistry$ClassSpec::hashCode (8 bytes)
Event: 10.291 Thread 0x0000000016421000 nmethod 1517 0x0000000002f63310 code [0x0000000002f63480, 0x0000000002f63688]
Event: 10.291 Thread 0x000000001641b000 nmethod 1516 0x0000000002f6fdd0 code [0x0000000002f6ff20, 0x0000000002f6ffd8]

GC Heap History (4 events):
Event: 9.317 GC heap before
{Heap before GC invocations=1 (full 0):
 PSYoungGen      total 38400K, used 33280K [0x00000000e0000000, 0x00000000e2a80000, 0x0000000100000000)
  eden space 33280K, 100% used [0x00000000e0000000,0x00000000e2080000,0x00000000e2080000)
  from space 5120K, 0% used [0x00000000e2580000,0x00000000e2580000,0x00000000e2a80000)
  to   space 5120K, 0% used [0x00000000e2080000,0x00000000e2080000,0x00000000e2580000)
 ParOldGen       total 87552K, used 0K [0x00000000a0000000, 0x00000000a5580000, 0x00000000e0000000)
  object space 87552K, 0% used [0x00000000a0000000,0x00000000a0000000,0x00000000a5580000)
 Metaspace       used 6202K, capacity 6524K, committed 6784K, reserved 1056768K
  class space    used 790K, capacity 836K, committed 896K, reserved 1048576K
Event: 9.322 GC heap after
Heap after GC invocations=1 (full 0):
 PSYoungGen      total 38400K, used 4211K [0x00000000e0000000, 0x00000000e2a80000, 0x0000000100000000)
  eden space 33280K, 0% used [0x00000000e0000000,0x00000000e0000000,0x00000000e2080000)
  from space 5120K, 82% used [0x00000000e2080000,0x00000000e249cc98,0x00000000e2580000)
  to   space 5120K, 0% used [0x00000000e2580000,0x00000000e2580000,0x00000000e2a80000)
 ParOldGen       total 87552K, used 8K [0x00000000a0000000, 0x00000000a5580000, 0x00000000e0000000)
  object space 87552K, 0% used [0x00000000a0000000,0x00000000a0002000,0x00000000a5580000)
 Metaspace       used 6202K, capacity 6524K, committed 6784K, reserved 1056768K
  class space    used 790K, capacity 836K, committed 896K, reserved 1048576K
}
Event: 10.010 GC heap before
{Heap before GC invocations=2 (full 0):
 PSYoungGen      total 38400K, used 37491K [0x00000000e0000000, 0x00000000e2a80000, 0x0000000100000000)
  eden space 33280K, 100% used [0x00000000e0000000,0x00000000e2080000,0x00000000e2080000)
  from space 5120K, 82% used [0x00000000e2080000,0x00000000e249cc98,0x00000000e2580000)
  to   space 5120K, 0% used [0x00000000e2580000,0x00000000e2580000,0x00000000e2a80000)
 ParOldGen       total 87552K, used 8K [0x00000000a0000000, 0x00000000a5580000, 0x00000000e0000000)
  object space 87552K, 0% used [0x00000000a0000000,0x00000000a0002000,0x00000000a5580000)
 Metaspace       used 12738K, capacity 13038K, committed 13184K, reserved 1060864K
  class space    used 1706K, capacity 1814K, committed 1920K, reserved 1048576K
Event: 10.016 GC heap after
Heap after GC invocations=2 (full 0):
 PSYoungGen      total 38400K, used 5096K [0x00000000e0000000, 0x00000000e2a80000, 0x0000000100000000)
  eden space 33280K, 0% used [0x00000000e0000000,0x00000000e0000000,0x00000000e2080000)
  from space 5120K, 99% used [0x00000000e2580000,0x00000000e2a7a3b0,0x00000000e2a80000)
  to   space 5120K, 0% used [0x00000000e2080000,0x00000000e2080000,0x00000000e2580000)
 ParOldGen       total 87552K, used 1176K [0x00000000a0000000, 0x00000000a5580000, 0x00000000e0000000)
  object space 87552K, 1% used [0x00000000a0000000,0x00000000a0126228,0x00000000a5580000)
 Metaspace       used 12738K, capacity 13038K, committed 13184K, reserved 1060864K
  class space    used 1706K, capacity 1814K, committed 1920K, reserved 1048576K
}

Deoptimization events (10 events):
Event: 9.467 Thread 0x00000000029b0800 Uncommon trap: reason=class_check action=maybe_recompile pc=0x0000000002d9fc70 method=java.util.HashMap.putVal(ILjava/lang/Object;Ljava/lang/Object;ZZ)Ljava/lang/Object; @ 203
Event: 9.520 Thread 0x00000000029b0800 Uncommon trap: reason=unstable_if action=reinterpret pc=0x0000000002d71c7c method=java.io.WinNTFileSystem.normalize(Ljava/lang/String;II)Ljava/lang/String; @ 90
Event: 9.532 Thread 0x00000000029b0800 Uncommon trap: reason=unstable_if action=reinterpret pc=0x0000000002db8d50 method=java.lang.String.substring(I)Ljava/lang/String; @ 35
Event: 9.873 Thread 0x00000000191a1000 Uncommon trap: reason=bimorphic action=maybe_recompile pc=0x0000000002d9fc4c method=java.util.HashMap.putVal(ILjava/lang/Object;Ljava/lang/Object;ZZ)Ljava/lang/Object; @ 253
Event: 9.873 Thread 0x00000000191a1000 Uncommon trap: reason=bimorphic action=maybe_recompile pc=0x0000000002d9fc4c method=java.util.HashMap.putVal(ILjava/lang/Object;Ljava/lang/Object;ZZ)Ljava/lang/Object; @ 253
Event: 9.873 Thread 0x00000000191a1000 Uncommon trap: reason=bimorphic action=maybe_recompile pc=0x0000000002d9fc4c method=java.util.HashMap.putVal(ILjava/lang/Object;Ljava/lang/Object;ZZ)Ljava/lang/Object; @ 253
Event: 9.873 Thread 0x00000000191a1000 Uncommon trap: reason=bimorphic action=maybe_recompile pc=0x0000000002d9fc4c method=java.util.HashMap.putVal(ILjava/lang/Object;Ljava/lang/Object;ZZ)Ljava/lang/Object; @ 253
Event: 9.873 Thread 0x00000000191a1000 Uncommon trap: reason=bimorphic action=maybe_recompile pc=0x0000000002d20d54 method=java.util.HashMap.putVal(ILjava/lang/Object;Ljava/lang/Object;ZZ)Ljava/lang/Object; @ 253
Event: 10.298 Thread 0x00000000191a1000 Uncommon trap: reason=class_check action=maybe_recompile pc=0x0000000002d02660 method=java.util.regex.Matcher.match(II)Z @ 86
Event: 10.298 Thread 0x00000000191a1000 Uncommon trap: reason=class_check action=maybe_recompile pc=0x0000000002d02660 method=java.util.regex.Matcher.match(II)Z @ 86

Internal exceptions (10 events):
Event: 10.191 Thread 0x00000000191a1000 Exception <a 'java/lang/ClassNotFoundException': groovy/lang/ExpandoMetaClassBeanInfo> (0x00000000e0a69438) thrown at [C:\src\android\AOSP-openjdk\external\jetbrains\jdk\hotspot\src\share\vm\classfile\systemDictionary.cpp, line 210]
Event: 10.191 Thread 0x00000000191a1000 Exception <a 'java/lang/ClassNotFoundException': groovy/lang/MetaClassImplBeanInfo> (0x00000000e0a740d0) thrown at [C:\src\android\AOSP-openjdk\external\jetbrains\jdk\hotspot\src\share\vm\classfile\systemDictionary.cpp, line 210]
Event: 10.191 Thread 0x00000000191a1000 Exception <a 'java/lang/ClassNotFoundException': java/lang/ObjectBeanInfo> (0x00000000e0a79058) thrown at [C:\src\android\AOSP-openjdk\external\jetbrains\jdk\hotspot\src\share\vm\classfile\systemDictionary.cpp, line 210]
Event: 10.192 Thread 0x00000000191a1000 Exception <a 'java/lang/ClassNotFoundException': java/lang/ObjectCustomizer> (0x00000000e0a7e128) thrown at [C:\src\android\AOSP-openjdk\external\jetbrains\jdk\hotspot\src\share\vm\classfile\systemDictionary.cpp, line 210]
Event: 10.194 Thread 0x00000000191a1000 Exception <a 'java/lang/ClassNotFoundException': groovy/lang/MetaClassImplCustomizer> (0x00000000e0a90b08) thrown at [C:\src\android\AOSP-openjdk\external\jetbrains\jdk\hotspot\src\share\vm\classfile\systemDictionary.cpp, line 210]
Event: 10.196 Thread 0x00000000191a1000 Exception <a 'java/lang/ClassNotFoundException': groovy/lang/ExpandoMetaClassCustomizer> (0x00000000e0ac4b38) thrown at [C:\src\android\AOSP-openjdk\external\jetbrains\jdk\hotspot\src\share\vm\classfile\systemDictionary.cpp, line 210]
Event: 10.203 Thread 0x00000000191a1000 Exception <a 'java/lang/ClassNotFoundException': org/gradle/api/internal/plugins/DefaultExtraPropertiesExtensionBeanInfo> (0x00000000e0b44638) thrown at [C:\src\android\AOSP-openjdk\external\jetbrains\jdk\hotspot\src\share\vm\classfile\systemDictionary.cppUŽw»Æg$@
Event: 10.203 Thread 0x00000000191a1000 Exception <a 'java/lang/ClassNotFoundException': groovy/lang/GroovyObjectSupportBeanInfo> (0x00000000e0b50470) thrown at [C:\src\android\AOSP-openjdk\external\jetbrains\jdk\hotspot\src\share\vm\classfile\systemDictionary.cpp, line 210]
Event: 10.203 Thread 0x00000000191a1000 Exception <a 'java/lang/ClassNotFoundException': groovy/lang/GroovyObjectSupportCustomizer> (0x00000000e0b5c630) thrown at [C:\src\android\AOSP-openjdk\external\jetbrains\jdk\hotspot\src\share\vm\classfile\systemDictionary.cpp, line 210]
Event: 10.203 Thread 0x00000000191a1000 Exception <a 'java/lang/ClassNotFoundException': org/gradle/api/internal/plugins/DefaultExtraPropertiesExtensionCustomizer> (0x00000000e0b72a60) thrown at [C:\src\android\AOSP-openjdk\external\jetbrains\jdk\hotspot\src\share\vm\classfile\systemDictionary.c&ŒÝ—a$@

Events (10 events):
Event: 10.298 Thread 0x00000000191a1000 DEOPT PACKING pc=0x0000000002d02660 sp=0x000000001ab4b490
Event: 10.298 Thread 0x00000000191a1000 DEOPT UNPACKING pc=0x0000000002af556a sp=0x000000001ab4b460 mode 2
Event: 10.299 loading class org/gradle/cache/internal/DefaultCacheRepository$PersistentCacheBuilder
Event: 10.299 loading class org/gradle/cache/internal/DefaultCacheRepository$PersistentCacheBuilder done
Event: 10.299 loading class org/gradle/cache/internal/DefaultCacheRepository$AbstractCacheBuilder
Event: 10.299 loading class org/gradle/cache/internal/DefaultCacheRepository$AbstractCacheBuilder done
Event: 10.299 loading class org/gradle/cache/CacheBuilder$VersionStrategy
Event: 10.299 loading class org/gradle/cache/CacheBuilder$VersionStrategy done
Event: 10.300 loading class org/gradle/cache/internal/DefaultCacheScopeMapping$1
Event: 10.300 loading class org/gradle/cache/internal/DefaultCacheScopeMapping$1 done


Dynamic libraries:
0x00007ff6299c0000 - 0x00007ff6299f1000 	D:\Program Files\Android\Android Studio\jre\bin\java.exe
0x00007ffdc35c0000 - 0x00007ffdc3793000 	C:\WINDOWS\SYSTEM32\ntdll.dll
0x00007ffdc3510000 - 0x00007ffdc35bc000 	C:\WINDOWS\System32\KERNEL32.DLL
0x00007ffdbfe90000 - 0x00007ffdc00c3000 	C:\WINDOWS\System32\KERNELBASE.dll
0x00007ffdc1bd0000 - 0x00007ffdc1c7a000 	C:\WINDOWS\System32\ADVAPI32.dll
0x00007ffdc3160000 - 0x00007ffdc3208000 	C:\WINDOWS\System32\msvcrt.dll
0x00007ffdc3210000 - 0x00007ffdc326c000 	C:\WINDOWS\System32\sechost.dll
0x00007ffdc32a0000 - 0x00007ffdc33d5000 	C:\WINDOWS\System32\RPCRT4.dll
0x00007ffdc1250000 - 0x00007ffdc13b3000 	C:\WINDOWS\System32\USER32.dll
0x00007ffdbfa30000 - 0x00007ffdbfa4f000 	C:\WINDOWS\System32\win32u.dll
0x00007ffdc13c0000 - 0x00007ffdc13f1000 	C:\WINDOWS\System32\GDI32.dll
0x00007ffdc00d0000 - 0x00007ffdc025e000 	C:\WINDOWS\System32\gdi32full.dll
0x00007ffdb5bb0000 - 0x00007ffdb5e35000 	C:\WINDOWS\WinSxS\amd64_microsoft.windows.common-controls_6595b64144ccf1df_6.0.14959.1000_none_8d08dffb079d21c9\COMCTL32.dll
0x00007ffdc0bc0000 - 0x00007ffdc0ec0000 	C:\WINDOWS\System32\combase.dll
0x00007ffdbfba0000 - 0x00007ffdbfcae000 	C:\WINDOWS\System32\ucrtbase.dll
0x00007ffdbf9c0000 - 0x00007ffdbfa30000 	C:\WINDOWS\System32\bcryptPrimitives.dll
0x00007ffdc1ba0000 - 0x00007ffdc1bcf000 	C:\WINDOWS\System32\IMM32.DLL
0x000000006f0a0000 - 0x000000006f172000 	D:\Program Files\Android\Android Studio\jre\jre\bin\msvcr100.dll
0x000000006d9d0000 - 0x000000006e204000 	D:\Program Files\Android\Android Studio\jre\jre\bin\server\jvm.dll
0x00007ffdc19c0000 - 0x00007ffdc19c8000 	C:\WINDOWS\System32\PSAPI.DLL
0x00007ffdbaa50000 - 0x00007ffdbaa5a000 	C:\WINDOWS\SYSTEM32\VERSION.dll
0x00007ffdbdd50000 - 0x00007ffdbdd75000 	C:\WINDOWS\SYSTEM32\WINMM.dll
0x00007ffdbda90000 - 0x00007ffdbdabd000 	C:\WINDOWS\SYSTEM32\winmmbase.dll
0x00007ffdbfb50000 - 0x00007ffdbfb95000 	C:\WINDOWS\System32\cfgmgr32.dll
0x00007ffdbb930000 - 0x00007ffdbb93a000 	C:\WINDOWS\SYSTEM32\WSOCK32.dll
0x00007ffdc0f80000 - 0x00007ffdc0fee000 	C:\WINDOWS\System32\WS2_32.dll
0x00007ffdbd200000 - 0x00007ffdbd20f000 	D:\Program Files\Android\Android Studio\jre\jre\bin\verify.dll
0x00007ffdbb150000 - 0x00007ffdbb179000 	D:\Program Files\Android\Android Studio\jre\jre\bin\java.dll
0x00007ffdbbad0000 - 0x00007ffdbbae6000 	D:\Program Files\Android\Android Studio\jre\jre\bin\zip.dll
0x00007ffdc1d00000 - 0x00007ffdc3160000 	C:\WINDOWS\System32\SHELL32.dll
0x00007ffdc0260000 - 0x00007ffdc09c6000 	C:\WINDOWS\System32\windows.storage.dll
0x00007ffdc34a0000 - 0x00007ffdc34f8000 	C:\WINDOWS\System32\shlwapi.dll
0x00007ffdbf970000 - 0x00007ffdbf980000 	C:\WINDOWS\System32\kernel.appcore.dll
0x00007ffdc0ec0000 - 0x00007ffdc0f71000 	C:\WINDOWS\System32\shcore.dll
0x00007ffdbf920000 - 0x00007ffdbf96d000 	C:\WINDOWS\System32\powrprof.dll
0x00007ffdbf980000 - 0x00007ffdbf995000 	C:\WINDOWS\System32\profapi.dll
0x00007ffdbb130000 - 0x00007ffdbb14a000 	D:\Program Files\Android\Android Studio\jre\jre\bin\net.dll
0x00007ffdbf1e0000 - 0x00007ffdbf23e000 	C:\WINDOWS\system32\mswsock.dll
0x00007ffdbb110000 - 0x00007ffdbb121000 	D:\Program Files\Android\Android Studio\jre\jre\bin\nio.dll
0x00007ffdb7320000 - 0x00007ffdb7332000 	C:\Users\joaod\.gradle\native\19\windows-amd64\native-platform.dll
0x00007ffdbf390000 - 0x00007ffdbf3a7000 	C:\WINDOWS\SYSTEM32\CRYPTSP.dll
0x00007ffdbedd0000 - 0x00007ffdbee05000 	C:\WINDOWS\system32\rsaenh.dll
0x00007ffdbf860000 - 0x00007ffdbf88c000 	C:\WINDOWS\SYSTEM32\bcrypt.dll
0x00007ffdbf060000 - 0x00007ffdbf080000 	C:\WINDOWS\SYSTEM32\USERENV.dll
0x00007ffdbf3b0000 - 0x00007ffdbf3bc000 	C:\WINDOWS\SYSTEM32\CRYPTBASE.dll
0x00007ffdbef50000 - 0x00007ffdbef88000 	C:\WINDOWS\SYSTEM32\IPHLPAPI.DLL
0x00007ffdc3270000 - 0x00007ffdc3278000 	C:\WINDOWS\System32\NSI.dll
0x00007ffdbb210000 - 0x00007ffdbb226000 	C:\WINDOWS\SYSTEM32\dhcpcsvc6.DLL
0x00007ffdbb180000 - 0x00007ffdbb19b000 	C:\WINDOWS\SYSTEM32\dhcpcsvc.DLL
0x00007ffdbc8e0000 - 0x00007ffdbc8ed000 	D:\Program Files\Android\Android Studio\jre\jre\bin\management.dll

VM Arguments:
jvm_args: -Xmx1536m -Dfile.encoding=windows-1252 -Duser.country=BR -Duser.language=pt -Duser.variant 
java_command: org.gradle.launcher.daemon.bootstrap.GradleDaemon 2.14.1
java_class_path (initial): D:\Program Files\Android\Android Studio\gradle\gradle-2.14.1\lib\gradle-launcher-2.14.1.jar
Launcher Type: SUN_STANDARD

Environment Variables:
JAVA_HOME=D:\Program Files\Java\jdk1.8.0_102
PATH=C:\ProgramData\Oracle\Java\javapath;C:\WINDOWS\system32;C:\WINDOWS;C:\WINDOWS\System32\Wbem;C:\WINDOWS\System32\WindowsPowerShell\v1.0\;D:\Program Files (x86)\Skype\Phone\;C:\Users\joaod\AppData\Local\Microsoft\WindowsApps;
USERNAME=joaod
OS=Windows_NT
PROCESSOR_IDENTIFIER=Intel64 Family 6 Model 60 Stepping 3, GenuineIntel



---------------  S Y S T E M  ---------------

OS: Windows 10.0 , 64 bit Build 14959 (10.0.14959.1000)

CPU:total 4 (2 cores per cpu, 2 threads per core) family 6 model 60 stepping 3, cmov, cx8, fxsr, mmx, sse, sse2, sse3, ssse3, sse4.1, sse4.2, popcnt, avx, avx2, aes, clmul, erms, lzcnt, ht, tsc, tscinvbit, bmi1, bmi2

Memory: 4k page, physical 8330956k(1104288k free), swap 12174920k(35748k free)

vm_info: OpenJDK 64-Bit Server VM (25.76-b03) for windows-amd64 JRE (1.8.0_76-release-b03), built on Jun 29 2016 19:09:20 by "ralucas" with MS VC++ 10.0 (VS2010)

time: Sat Nov 05 18:52:35 2016
elapsed time: 10 seconds (0d 0h 0m 10s)

